<?xml version="1.0" encoding="utf-8"?><testsuites name="pytest tests"><testsuite name="pytest" errors="0" failures="0" skipped="0" tests="44" time="8.266" timestamp="2026-08-23T17:47:38.187963+00:00" hostname="agent-env-366eb275-fc86-46f5-a845-fa785ac0d6ae"><testcase classname="tests.test_deficit.TestDeficitMonthly" name="test_august_2026_structure" time="0.214" /><testcase classname="tests.test_deficit.TestDeficitMonthly" name="test_untracked_days_zeroed_and_cumulative_monotonic" time="0.141" /><testcase classname="tests.test_preset_names.TestRenamePreset" name="test_rename_sets_name" time="0.321" /><testcase classname="tests.test_preset_names.TestRenamePreset" name="test_rename_trims_whitespace" time="0.036" /><testcase classname="tests.test_deficit.TestDeficitMonthly" name="test_burn_math" time="0.033" /><testcase classname="tests.test_preset_names.TestRenamePreset" name="test_empty_string_clears_name" time="0.106" /><testcase classname="tests.test_deficit.TestDeficitMonthly" name="test_aug5_specific_values" time="0.031" /><testcase classname="tests.test_deficit.TestDeficitMonthly" name="test_totals_consistency" time="0.034" /><testcase classname="tests.test_deficit.TestDeficitMonthly" name="test_invalid_month[0]" time="0.030" /><testcase classname="tests.test_preset_names.TestRenamePreset" name="test_null_clears_name" time="0.222" /><testcase classname="tests.test_deficit.TestDeficitMonthly" name="test_invalid_month[13]" time="0.029" /><testcase classname="tests.test_deficit.TestDeficitMonthly" name="test_missing_params" time="0.069" /><testcase classname="tests.test_deficit.TestDeficitMonthly" name="test_empty_month" time="0.030" /><testcase classname="tests.test_deficit.TestDeficitMonthly" name="test_feb_leap_and_nonleap_day_counts" time="0.064" /><testcase classname="tests.test_deficit.TestRegression" name="test_summary_monthly" time="0.038" /><testcase classname="tests.test_preset_names.TestRenamePreset" name="test_empty_body_clears_name" time="0.103" /><testcase classname="tests.test_deficit.TestRegression" name="test_summary_matches_deficit_intake" time="0.072" /><testcase classname="tests.test_deficit.TestRegression" name="test_presets_crud_and_log" time="0.389" /><testcase classname="tests.test_preset_names.TestRenamePreset" name="test_name_too_long_rejected" time="0.030" /><testcase classname="tests.test_preset_names.TestRenamePreset" name="test_rename_preserves_macros" time="0.103" /><testcase classname="tests.test_preset_names.TestRenamePreset" name="test_rename_unknown_id_404" time="0.079" /><testcase classname="tests.test_preset_names.TestRenamePreset" name="test_rename_invalid_type" time="0.105" /><testcase classname="tests.backend_test.TestMonthlySummary" name="test_august_2026" time="0.077" /><testcase classname="tests.test_deficit.TestRegression" name="test_export_csv" time="0.038" /><testcase classname="tests.backend_test.TestMonthlySummary" name="test_february_leap_and_empty_month" time="0.162" /><testcase classname="tests.test_deficit.TestRegression" name="test_nutrition_estimate" time="2.925" /><testcase classname="tests.backend_test.TestMonthlySummary" name="test_invalid_month" time="0.030" /><testcase classname="tests.backend_test.TestMonthlySummary" name="test_missing_params" time="0.071" /><testcase classname="tests.test_preset_names.TestCreatePresetWithName" name="test_create_with_name_and_persist" time="0.172" /><testcase classname="tests.test_preset_names.TestCreatePresetWithName" name="test_create_without_name_stores_null" time="0.070" /><testcase classname="tests.test_preset_names.TestCreatePresetWithName" name="test_create_name_too_long_rejected_or_accepted" time="0.175" /><testcase classname="tests.backend_test.TestPresets" name="test_preset_crud_and_log" time="0.591" /><testcase classname="tests.backend_test.TestPresets" name="test_log_unknown_preset" time="0.081" /><testcase classname="tests.backend_test.TestSettingsActivity" name="test_settings_roundtrip" time="0.268" /><testcase classname="tests.backend_test.TestSettingsActivity" name="test_activity_roundtrip" time="0.120" /><testcase classname="tests.backend_test.TestNutritionEstimate" name="test_estimate" time="2.715" /><testcase classname="tests.backend_test.TestMeals" name="test_create_get_delete" time="0.257" /><testcase classname="tests.backend_test.TestMeals" name="test_delete_unknown_meal" time="0.070" /><testcase classname="tests.backend_test.TestMeals" name="test_meals_requires_date" time="0.033" /><testcase classname="tests.backend_test.TestHealth" name="test_root" time="0.071" /><testcase classname="tests.backend_test.TestExport" name="test_export_csv" time="0.034" /><testcase classname="tests.backend_test.TestNutritionEstimate" name="test_estimate_empty_text" time="1.500" /><testcase classname="tests.test_preset_names.TestNamedPresetRegression" name="test_log_and_delete_named_preset" time="0.456" /><testcase classname="tests.test_preset_names.TestNamedPresetRegression" name="test_monthly_and_csv_still_work" time="0.127" /></testsuite></testsuites>