<?xml version="1.0" encoding="utf-8"?><testsuites name="pytest tests"><testsuite name="pytest" errors="0" failures="0" skipped="0" tests="19" time="10.067" timestamp="2026-08-24T04:58:17.462104+00:00" hostname="agent-env-366eb275-fc86-46f5-a845-fa785ac0d6ae"><testcase classname="tests.test_confidence_fix" name="test_create_meal_confidence_coercion[medium-0.6]" time="0.314" /><testcase classname="tests.test_confidence_fix" name="test_create_meal_confidence_coercion[low-0.3]" time="0.133" /><testcase classname="tests.test_confidence_fix" name="test_create_meal_confidence_coercion[high-0.85]" time="0.054" /><testcase classname="tests.test_confidence_fix" name="test_create_meal_confidence_coercion[very high-0.95]" time="0.091" /><testcase classname="tests.test_confidence_fix" name="test_create_meal_confidence_coercion[moderate-0.6]" time="0.095" /><testcase classname="tests.test_confidence_fix" name="test_create_meal_confidence_coercion[unsure-0.5]" time="0.090" /><testcase classname="tests.test_confidence_fix" name="test_create_meal_confidence_coercion[0.75-0.75]" time="0.091" /><testcase classname="tests.test_confidence_fix" name="test_create_meal_confidence_coercion[None-None]" time="0.050" /><testcase classname="tests.test_confidence_fix" name="test_create_meal_confidence_coercion[0.42-0.42]" time="0.054" /><testcase classname="tests.test_confidence_fix" name="test_create_meal_invalid_segment" time="0.068" /><testcase classname="tests.test_confidence_fix" name="test_create_preset_confidence_string" time="0.053" /><testcase classname="tests.test_confidence_fix" name="test_preset_rename_and_log" time="0.156" /><testcase classname="tests.test_confidence_fix" name="test_nutrition_estimate_confidence_is_numeric" time="3.153" /><testcase classname="tests.test_confidence_fix" name="test_estimate_then_save_roundtrip" time="4.247" /><testcase classname="tests.test_confidence_fix" name="test_summary_monthly" time="0.030" /><testcase classname="tests.test_confidence_fix" name="test_deficit_monthly" time="0.071" /><testcase classname="tests.test_confidence_fix" name="test_export_csv" time="0.041" /><testcase classname="tests.test_confidence_fix" name="test_settings_and_activity" time="0.089" /><testcase classname="tests.test_confidence_fix" name="test_delete_meal_404" time="0.604" /></testsuite></testsuites>