<?xml version="1.0" encoding="utf-8"?><testsuites name="pytest tests"><testsuite name="pytest" errors="0" failures="0" skipped="0" tests="4" time="3.731" timestamp="2026-08-23T16:32:02.690726+00:00" hostname="agent-env-366eb275-fc86-46f5-a845-fa785ac0d6ae"><testcase classname="tests.backend_test" name="test_api_root" time="0.245" /><testcase classname="tests.backend_test" name="test_meal_create_read_delete" time="0.261" /><testcase classname="tests.backend_test" name="test_invalid_segment_rejected" time="0.109" /><testcase classname="tests.backend_test" name="test_nutrition_estimate_shape" time="2.665" /></testsuite></testsuites>