<?xml version="1.0" encoding="utf-8"?><testsuites name="pytest tests"><testsuite name="pytest" errors="0" failures="1" skipped="0" tests="15" time="5.908" timestamp="2026-08-23T17:21:23.114983+00:00" hostname="agent-env-366eb275-fc86-46f5-a845-fa785ac0d6ae"><testcase classname="tests.backend_test.TestMeals" name="test_create_get_delete" time="0.364" /><testcase classname="tests.backend_test.TestMonthlySummary" name="test_august_2026" time="0.242" /><testcase classname="tests.backend_test.TestMonthlySummary" name="test_february_leap_and_empty_month" time="0.071" /><testcase classname="tests.backend_test.TestMonthlySummary" name="test_invalid_month" time="0.035" /><testcase classname="tests.backend_test.TestMonthlySummary" name="test_missing_params" time="0.034" /><testcase classname="tests.backend_test.TestMeals" name="test_delete_unknown_meal" time="0.041" /><testcase classname="tests.backend_test.TestPresets" name="test_preset_crud_and_log" time="0.535" /><testcase classname="tests.backend_test.TestMeals" name="test_meals_requires_date" time="0.031" /><testcase classname="tests.backend_test.TestSettingsActivity" name="test_settings_roundtrip" time="0.292" /><testcase classname="tests.backend_test.TestSettingsActivity" name="test_activity_roundtrip" time="0.142" /><testcase classname="tests.backend_test.TestHealth" name="test_root" time="0.030" /><testcase classname="tests.backend_test.TestExport" name="test_export_csv" time="0.040" /><testcase classname="tests.backend_test.TestPresets" name="test_log_unknown_preset" time="0.077" /><testcase classname="tests.backend_test.TestNutritionEstimate" name="test_estimate" time="2.853" /><testcase classname="tests.backend_test.TestNutritionEstimate" name="test_estimate_empty_text" time="1.531"><failure message="AssertionError: got 200: {&quot;calories&quot;:0,&quot;protein&quot;:0.0,&quot;carbs&quot;:0.0,&quot;fibre&quot;:0.0,&quot;fats&quot;:0.0,&quot;confidence&quot;:&quot;low&quot;,&quot;note&quot;:&quot;No meal details were provided, so I cannot estimate nutrition. Please send the ingredients, portions, and any cooking method or sauces/oils used.&quot;,&quot;breakdown&quot;:[]}&#10;assert 200 in (400, 422)&#10; +  where 200 = &lt;Response [200]&gt;.status_code">tests/backend_test.py:201: in test_estimate_empty_text
    assert r.status_code in (400, 422), f"got {r.status_code}: {r.text[:300]}"
E   AssertionError: got 200: {"calories":0,"protein":0.0,"carbs":0.0,"fibre":0.0,"fats":0.0,"confidence":"low","note":"No meal details were provided, so I cannot estimate nutrition. Please send the ingredients, portions, and any cooking method or sauces/oils used.","breakdown":[]}
E   assert 200 in (400, 422)
E    +  where 200 = &lt;Response [200]&gt;.status_code</failure></testcase></testsuite></testsuites>