<?xml version="1.0" encoding="utf-8"?><testsuites name="pytest tests"><testsuite name="pytest" errors="0" failures="0" skipped="0" tests="5" time="3.764" timestamp="2026-08-23T16:40:48.080864+00:00" hostname="agent-env-366eb275-fc86-46f5-a845-fa785ac0d6ae"><testcase classname="tests.backend_test" name="test_api_root" time="0.100" /><testcase classname="tests.backend_test" name="test_meal_create_read_delete" time="0.264" /><testcase classname="tests.backend_test" name="test_invalid_segment_rejected" time="0.075" /><testcase classname="tests.backend_test" name="test_settings_and_activity_persist" time="0.430" /><testcase classname="tests.backend_test" name="test_nutrition_estimate_shape" time="2.424" /></testsuite></testsuites>