<?xml version="1.0" encoding="utf-8"?><testsuites name="pytest tests"><testsuite name="pytest" errors="0" failures="1" skipped="0" tests="29" time="6.801" timestamp="2026-08-23T17:29:28.700717+00:00" hostname="agent-env-366eb275-fc86-46f5-a845-fa785ac0d6ae"><testcase classname="tests.backend_test.TestMonthlySummary" name="test_august_2026" time="0.210" /><testcase classname="tests.test_preset_names.TestRenamePreset" name="test_rename_sets_name" time="0.192" /><testcase classname="tests.test_preset_names.TestRenamePreset" name="test_rename_trims_whitespace" time="0.073" /><testcase classname="tests.backend_test.TestMonthlySummary" name="test_february_leap_and_empty_month" time="0.080" /><testcase classname="tests.test_preset_names.TestRenamePreset" name="test_empty_string_clears_name" time="0.100" /><testcase classname="tests.backend_test.TestMonthlySummary" name="test_invalid_month" time="0.039" /><testcase classname="tests.backend_test.TestMonthlySummary" name="test_missing_params" time="0.082" /><testcase classname="tests.test_preset_names.TestRenamePreset" name="test_null_clears_name" time="0.265" /><testcase classname="tests.backend_test.TestMeals" name="test_create_get_delete" time="0.189" /><testcase classname="tests.backend_test.TestMeals" name="test_delete_unknown_meal" time="0.083" /><testcase classname="tests.test_preset_names.TestRenamePreset" name="test_empty_body_clears_name" time="0.099" /><testcase classname="tests.backend_test.TestMeals" name="test_meals_requires_date" time="0.041" /><testcase classname="tests.test_preset_names.TestCreatePresetWithName" name="test_create_with_name_and_persist" time="0.150" /><testcase classname="tests.test_preset_names.TestRenamePreset" name="test_name_too_long_rejected" time="0.070" /><testcase classname="tests.test_preset_names.TestRenamePreset" name="test_rename_preserves_macros" time="0.102" /><testcase classname="tests.test_preset_names.TestCreatePresetWithName" name="test_create_without_name_stores_null" time="0.032" /><testcase classname="tests.test_preset_names.TestRenamePreset" name="test_rename_unknown_id_404" time="0.073" /><testcase classname="tests.test_preset_names.TestCreatePresetWithName" name="test_create_name_too_long_rejected_or_accepted" time="0.162"><failure message="Failed: PresetCreate.name has no max_length=60 validation; 61-char name accepted">tests/test_preset_names.py:77: in test_create_name_too_long_rejected_or_accepted
    pytest.fail("PresetCreate.name has no max_length=60 validation; 61-char name accepted")
E   Failed: PresetCreate.name has no max_length=60 validation; 61-char name accepted</failure></testcase><testcase classname="tests.test_preset_names.TestRenamePreset" name="test_rename_invalid_type" time="0.162" /><testcase classname="tests.backend_test.TestPresets" name="test_preset_crud_and_log" time="0.484" /><testcase classname="tests.backend_test.TestSettingsActivity" name="test_settings_roundtrip" time="0.254" /><testcase classname="tests.backend_test.TestSettingsActivity" name="test_activity_roundtrip" time="0.168" /><testcase classname="tests.test_preset_names.TestNamedPresetRegression" name="test_log_and_delete_named_preset" time="0.467" /><testcase classname="tests.backend_test.TestPresets" name="test_log_unknown_preset" time="0.038" /><testcase classname="tests.backend_test.TestNutritionEstimate" name="test_estimate" time="3.024" /><testcase classname="tests.test_preset_names.TestNamedPresetRegression" name="test_monthly_and_csv_still_work" time="0.104" /><testcase classname="tests.backend_test.TestHealth" name="test_root" time="0.087" /><testcase classname="tests.backend_test.TestNutritionEstimate" name="test_estimate_empty_text" time="1.513" /><testcase classname="tests.backend_test.TestExport" name="test_export_csv" time="0.125" /></testsuite></testsuites>